F:\REVIEWER\REVIEWER\X64\RELEASE\MOC_WIDGET_PIE.OBJ
F:\REVIEWER\REVIEWER\X64\RELEASE\MOC_WIDGET_IMAGE.OBJ
F:\REVIEWER\REVIEWER\X64\RELEASE\MOC_WIDGET_COUNT.OBJ
F:\REVIEWER\REVIEWER\X64\RELEASE\MOC_WIDGET_CARVESETTING.OBJ
F:\REVIEWER\REVIEWER\X64\RELEASE\MOC_REVIEWER.OBJ
F:\REVIEWER\REVIEWER\X64\RELEASE\MOC_QCUSTOMPLOT.OBJ
F:\REVIEWER\REVIEWER\X64\RELEASE\MOC_PUSHBUTTON.OBJ
F:\REVIEWER\REVIEWER\X64\RELEASE\MOC_PIEVIEW.OBJ
F:\REVIEWER\REVIEWER\X64\RELEASE\MOC_MYTABLEVIEW.OBJ
F:\REVIEWER\REVIEWER\X64\RELEASE\MOC_MYIMAGESHOWITEM.OBJ
F:\REVIEWER\REVIEWER\X64\RELEASE\MOC_DHBASEWIDGET.OBJ
F:\REVIEWER\REVIEWER\X64\RELEASE\MOC_DETECTTHREAD.OBJ
F:\REVIEWER\REVIEWER\X64\RELEASE\MOC_COUNTSET.OBJ
F:\REVIEWER\REVIEWER\X64\RELEASE\MOC_CLOGFILE.OBJ
F:\REVIEWER\REVIEWER\X64\RELEASE\MOC_CERRORIMAGELIST.OBJ
F:\REVIEWER\REVIEWER\X64\RELEASE\DHBASEWIDGET.OBJ
F:\REVIEWER\REVIEWER\X64\RELEASE\DETECTTHREAD.OBJ
F:\REVIEWER\REVIEWER\X64\RELEASE\COUNTSET.OBJ
F:\REVIEWER\REVIEWER\X64\RELEASE\CMYERRORLIST.OBJ
F:\REVIEWER\REVIEWER\X64\RELEASE\CERRORIMAGELIST.OBJ
F:\REVIEWER\REVIEWER\X64\RELEASE\WIDGET_REPORT.OBJ
F:\REVIEWER\REVIEWER\X64\RELEASE\WIDGET_IMAGE.OBJ
F:\REVIEWER\REVIEWER\X64\RELEASE\WIDGET_COUNT.OBJ
F:\REVIEWER\REVIEWER\X64\RELEASE\WIDGET_CARVESETTING.OBJ
F:\REVIEWER\REVIEWER\X64\RELEASE\REVIEWER.OBJ
F:\REVIEWER\REVIEWER\X64\RELEASE\MYTABLEVIEW.OBJ
F:\REVIEWER\REVIEWER\X64\RELEASE\MYIMAGESHOWITEM.OBJ
F:\REVIEWER\REVIEWER\X64\RELEASE\MAIN.OBJ
F:\REVIEWER\REVIEWER\X64\RELEASE\WIDGET_PIE.OBJ
F:\REVIEWER\REVIEWER\X64\RELEASE\TOOLBUTTON.OBJ
F:\REVIEWER\REVIEWER\X64\RELEASE\STATETOOL.OBJ
F:\REVIEWER\REVIEWER\X64\RELEASE\QCUSTOMPLOT.OBJ
F:\REVIEWER\REVIEWER\X64\RELEASE\PUSHBUTTON.OBJ
F:\REVIEWER\REVIEWER\X64\RELEASE\PIEVIEW.OBJ
F:\REVIEWER\REVIEWER\X64\RELEASE\MYQUEUE.OBJ
F:\REVIEWER\REVIEWER\X64\RELEASE\DATABASE.OBJ
F:\REVIEWER\REVIEWER\X64\RELEASE\COMBINERESULT.OBJ
F:\REVIEWER\REVIEWER\X64\RELEASE\CLOGFILE.OBJ
F:\REVIEWER\REVIEWER\X64\RELEASE\MOC_WIDGET_TITLE.OBJ
F:\REVIEWER\REVIEWER\X64\RELEASE\MOC_WIDGET_REPORT.OBJ
F:\REVIEWER\REVIEWER\X64\RELEASE\WIDGET_TITLE.OBJ
F:\REVIEWER\REVIEWER\X64\RELEASE\VC100.PDB
F:\REVIEWER\REVIEWER\X64\RELEASE\QRC_REVIEWER.OBJ
F:\REVIEWER\REVIEWER\GENERATEDFILES\RELEASE\MOC_REVIEWER.CPP
F:\REVIEWER\REVIEWER\GENERATEDFILES\UI_REVIEWER.H
F:\REVIEWER\REVIEWER\GENERATEDFILES\RELEASE\MOC_WIDGET_REPORT.CPP
F:\REVIEWER\REVIEWER\GENERATEDFILES\RELEASE\MOC_WIDGET_COUNT.CPP
F:\REVIEWER\REVIEWER\GENERATEDFILES\RELEASE\MOC_WIDGET_IMAGE.CPP
F:\REVIEWER\REVIEWER\GENERATEDFILES\RELEASE\MOC_WIDGET_CARVESETTING.CPP
F:\REVIEWER\REVIEWER\GENERATEDFILES\RELEASE\MOC_WIDGET_TITLE.CPP
F:\REVIEWER\REVIEWER\GENERATEDFILES\RELEASE\MOC_DETECTTHREAD.CPP
F:\REVIEWER\REVIEWER\GENERATEDFILES\RELEASE\MOC_CLOGFILE.CPP
F:\REVIEWER\REVIEWER\GENERATEDFILES\RELEASE\MOC_CERRORIMAGELIST.CPP
F:\REVIEWER\REVIEWER\GENERATEDFILES\RELEASE\MOC_DHBASEWIDGET.CPP
F:\REVIEWER\REVIEWER\GENERATEDFILES\RELEASE\MOC_COUNTSET.CPP
F:\REVIEWER\REVIEWER\GENERATEDFILES\RELEASE\MOC_PUSHBUTTON.CPP
F:\REVIEWER\REVIEWER\GENERATEDFILES\RELEASE\MOC_PIEVIEW.CPP
F:\REVIEWER\REVIEWER\GENERATEDFILES\RELEASE\MOC_QCUSTOMPLOT.CPP
F:\REVIEWER\REVIEWER\GENERATEDFILES\RELEASE\MOC_MYTABLEVIEW.CPP
F:\REVIEWER\REVIEWER\GENERATEDFILES\RELEASE\MOC_MYIMAGESHOWITEM.CPP
F:\REVIEWER\REVIEWER\GENERATEDFILES\RELEASE\MOC_WIDGET_PIE.CPP
F:\REVIEWER\REVIEWER\GENERATEDFILES\QRC_REVIEWER.CPP
F:\REVIEWER\REVIEWER\GENERATEDFILES\UI_IMAGE_WIDGET.H
F:\REVIEWER\REVIEWER\GENERATEDFILES\UI_COUNTSET.H
F:\REVIEWER\REVIEWER\GENERATEDFILES\UI_REPORT.H
F:\REVIEWER\REVIEWER\GENERATEDFILES\UI_WIDGET_COUNTPLOT.H
F:\REVIEWER\X64\RELEASE\REVIEWER.ILK
F:\REVIEWER\X64\RELEASE\REVIEWER.EXE
F:\REVIEWER\REVIEWER\X64\RELEASE\REVIEWER.EXE.INTERMEDIATE.MANIFEST
F:\REVIEWER\X64\RELEASE\REVIEWER.PDB
F:\REVIEWER\REVIEWER\X64\RELEASE\REVIEWER.RES
F:\Reviewer\x64\Release\Reviewer.lib
F:\Reviewer\x64\Release\Reviewer.exp
F:\Reviewer\Reviewer\x64\Release\cerrorimagelist.obj
F:\Reviewer\Reviewer\x64\Release\clogfile.obj
F:\Reviewer\Reviewer\x64\Release\cmyerrorlist.obj
F:\Reviewer\Reviewer\x64\Release\CombineResult.obj
F:\Reviewer\Reviewer\x64\Release\countset.obj
F:\Reviewer\Reviewer\x64\Release\database.obj
F:\Reviewer\Reviewer\x64\Release\detectThread.obj
F:\Reviewer\Reviewer\x64\Release\dhbasewidget.obj
F:\Reviewer\Reviewer\x64\Release\main.obj
F:\Reviewer\Reviewer\x64\Release\moc_cerrorimagelist.obj
F:\Reviewer\Reviewer\x64\Release\moc_clogfile.obj
F:\Reviewer\Reviewer\x64\Release\moc_countset.obj
F:\Reviewer\Reviewer\x64\Release\moc_detectThread.obj
F:\Reviewer\Reviewer\x64\Release\moc_dhbasewidget.obj
F:\Reviewer\Reviewer\x64\Release\moc_MyImageshowItem.obj
F:\Reviewer\Reviewer\x64\Release\moc_mytableview.obj
F:\Reviewer\Reviewer\x64\Release\moc_pieview.obj
F:\Reviewer\Reviewer\x64\Release\moc_pushButton.obj
F:\Reviewer\Reviewer\x64\Release\moc_qcustomplot.obj
F:\Reviewer\Reviewer\x64\Release\moc_reviewer.obj
F:\Reviewer\Reviewer\x64\Release\moc_Widget_CarveSetting.obj
F:\Reviewer\Reviewer\x64\Release\moc_widget_count.obj
F:\Reviewer\Reviewer\x64\Release\moc_widget_image.obj
F:\Reviewer\Reviewer\x64\Release\moc_widget_pie.obj
F:\Reviewer\Reviewer\x64\Release\moc_widget_Report.obj
F:\Reviewer\Reviewer\x64\Release\moc_widget_title.obj
F:\Reviewer\Reviewer\x64\Release\MyImageshowItem.obj
F:\Reviewer\Reviewer\x64\Release\myQueue.obj
F:\Reviewer\Reviewer\x64\Release\mytableview.obj
F:\Reviewer\Reviewer\x64\Release\pieview.obj
F:\Reviewer\Reviewer\x64\Release\pushButton.obj
F:\Reviewer\Reviewer\x64\Release\qcustomplot.obj
F:\Reviewer\Reviewer\x64\Release\qrc_reviewer.obj
F:\Reviewer\Reviewer\x64\Release\reviewer.obj
F:\Reviewer\Reviewer\x64\Release\stateTool.obj
F:\Reviewer\Reviewer\x64\Release\toolButton.obj
F:\Reviewer\Reviewer\x64\Release\widget_CarveSetting.obj
F:\Reviewer\Reviewer\x64\Release\widget_count.obj
F:\Reviewer\Reviewer\x64\Release\widget_image.obj
F:\Reviewer\Reviewer\x64\Release\widget_pie.obj
F:\Reviewer\Reviewer\x64\Release\widget_Report.obj
F:\Reviewer\Reviewer\x64\Release\widget_title.obj
F:\Reviewer\Reviewer\x64\Release\cl.command.1.tlog
F:\Reviewer\Reviewer\x64\Release\CL.read.1.tlog
F:\Reviewer\Reviewer\x64\Release\CL.write.1.tlog
F:\Reviewer\Reviewer\x64\Release\custombuild.command.1.tlog
F:\Reviewer\Reviewer\x64\Release\custombuild.read.1.tlog
F:\Reviewer\Reviewer\x64\Release\custombuild.write.1.tlog
F:\Reviewer\Reviewer\x64\Release\link-cvtres.read.1.tlog
F:\Reviewer\Reviewer\x64\Release\link-cvtres.write.1.tlog
F:\Reviewer\Reviewer\x64\Release\link.command.1.tlog
F:\Reviewer\Reviewer\x64\Release\link.read.1.tlog
F:\Reviewer\Reviewer\x64\Release\link.write.1.tlog
F:\Reviewer\Reviewer\x64\Release\mt.command.1.tlog
F:\Reviewer\Reviewer\x64\Release\mt.read.1.tlog
F:\Reviewer\Reviewer\x64\Release\mt.write.1.tlog
F:\Reviewer\Reviewer\x64\Release\rc.command.1.tlog
F:\Reviewer\Reviewer\x64\Release\rc.read.1.tlog
F:\Reviewer\Reviewer\x64\Release\rc.write.1.tlog
F:\Reviewer\Reviewer\x64\Release\Reviewer.write.1.tlog
F:\Reviewer\Reviewer\x64\Release\Reviewer.exe.intermediate.manifest
F:\Reviewer\Reviewer\x64\Release\Reviewer.res
F:\Reviewer\Reviewer\x64\Release\vc100.pdb
F:\Reviewer\x64\Release\Reviewer.pdb
F:\Reviewer\x64\Release\Reviewer.exe
F:\Reviewer\x64\Release\Reviewer.ilk
